
ROM used:   999/8192 (12%)
            999/8192 (12%) including unused fragments

            0.8 Average locations per line
            3.6 Average locations per statement

RAM used:   30/368 (8%) at main() level
            42/368 (11%) worst case

Stack used: 1 worst case (0 in main + 1 for interrupts)
Stack size: 8

Lines Stmts  %   Files
----- ----- ---  -----
  524   280 100  main.c
   10     0   0  ..\..\document\CCS C Projects\test8\main.h
  661     0   0  ..\..\..\..\..\Program Files (x86)\PICC\Devices\16F877A.h
----- -----
 1195   280 Total

Page ROM  %  RAM   Vol Diff  Functions:
---- --- --- ---   --- ----  ----------
0     20   2    1             @delay_ms1
0     12   1    1    35  1.4  setActive
0    360  36    3  2798  7.5  printDisplay
0     30   3    3   207  5.4  printHourDigits
0     21   2    3   207  5.4  @DIV88
0     31   3    3   207  5.4  printMinuteDigits
0     31   3    3   207  5.4  printSecondDigits
0     27   3    1   305  3.2  printClock
0     27   3    0    48  1.1  printAlarm
0     17   2    1   112  3.3  checkAlarm
0     41   4    0   517  3.8  TIMER_isr
0    333  33    0  3944  9.9  MAIN
 Inline         0             @cinit1

Program metrics:
    Functions               11
    Statements              280
    Comments                175
    Volume (V)              11711
    Difficulty (D)          54.0
    Effort to implement (E) 632133
    Time to implement (T)   9 hours, 45 minutes
    Est Delivered Bugs (B)  2
    Cyclomatic Complexity   67
    Maintainability (MI)    76

 Segment     Used  Free
-----------  ----  ----
00000-00003     4  0  
00004-00030    45  0  
00031-007FF   950  1049  
00800-00FFF     0  2048  
01000-017FF     0  2048  
01800-01FFF     0  2048  



